2025-11-13T20:18:10.330+08:00  INFO 17344 --- [main] c.z.o.c.Course.CourseSystemApplication   : Starting CourseSystemApplication using Java 23.0.1 with PID 17344 (D:\Program Files\JetBrains\IntelliJ IDEA Community Edition 2024.3.2\IdeaProjects\Monday.1-2\Course\target\classes started by Administrator in D:\Program Files\JetBrains\IntelliJ IDEA Community Edition 2024.3.2\IdeaProjects\Monday.1-2\Course)
2025-11-13T20:18:10.342+08:00  INFO 17344 --- [main] c.z.o.c.Course.CourseSystemApplication   : The following 1 profile is active: "prod"
2025-11-13T20:18:11.769+08:00  INFO 17344 --- [main] .s.d.r.c.RepositoryConfigurationDelegate : Bootstrapping Spring Data JPA repositories in DEFAULT mode.
2025-11-13T20:18:11.866+08:00  INFO 17344 --- [main] .s.d.r.c.RepositoryConfigurationDelegate : Finished Spring Data repository scanning in 84 ms. Found 3 JPA repository interfaces.
2025-11-13T20:18:12.704+08:00  INFO 17344 --- [main] o.s.b.w.embedded.tomcat.TomcatWebServer  : Tomcat initialized with port 8080 (http)
2025-11-13T20:18:12.739+08:00  INFO 17344 --- [main] o.apache.catalina.core.StandardService   : Starting service [Tomcat]
2025-11-13T20:18:12.740+08:00  INFO 17344 --- [main] o.apache.catalina.core.StandardEngine    : Starting Servlet engine: [Apache Tomcat/10.1.46]
2025-11-13T20:18:12.863+08:00  INFO 17344 --- [main] o.a.c.c.C.[Tomcat].[localhost].[/]       : Initializing Spring embedded WebApplicationContext
2025-11-13T20:18:12.864+08:00  INFO 17344 --- [main] w.s.c.ServletWebServerApplicationContext : Root WebApplicationContext: initialization completed in 2397 ms
2025-11-13T20:18:13.266+08:00  INFO 17344 --- [main] o.hibernate.jpa.internal.util.LogHelper  : HHH000204: Processing PersistenceUnitInfo [name: default]
2025-11-13T20:18:13.396+08:00  INFO 17344 --- [main] org.hibernate.Version                    : HHH000412: Hibernate ORM core version 6.6.29.Final
2025-11-13T20:18:13.455+08:00  INFO 17344 --- [main] o.h.c.internal.RegionFactoryInitiator    : HHH000026: Second-level cache disabled
2025-11-13T20:18:13.950+08:00  INFO 17344 --- [main] o.s.o.j.p.SpringPersistenceUnitInfo      : No LoadTimeWeaver setup: ignoring JPA class transformer
2025-11-13T20:18:14.015+08:00  INFO 17344 --- [main] com.zaxxer.hikari.HikariDataSource       : HikariPool-1 - Starting...
2025-11-13T20:18:14.325+08:00  INFO 17344 --- [main] com.zaxxer.hikari.pool.HikariPool        : HikariPool-1 - Added connection com.mysql.cj.jdbc.ConnectionImpl@23f5008a
2025-11-13T20:18:14.329+08:00  INFO 17344 --- [main] com.zaxxer.hikari.HikariDataSource       : HikariPool-1 - Start completed.
2025-11-13T20:18:14.396+08:00  WARN 17344 --- [main] org.hibernate.orm.deprecation            : HHH90000025: MySQL8Dialect does not need to be specified explicitly using 'hibernate.dialect' (remove the property setting and it will be selected by default)
2025-11-13T20:18:14.397+08:00  WARN 17344 --- [main] org.hibernate.orm.deprecation            : HHH90000026: MySQL8Dialect has been deprecated; use org.hibernate.dialect.MySQLDialect instead
2025-11-13T20:18:14.422+08:00  INFO 17344 --- [main] org.hibernate.orm.connections.pooling    : HHH10001005: Database info:
	Database JDBC URL [Connecting through datasource 'HikariDataSource (HikariPool-1)']
	Database driver: undefined/unknown
	Database version: 8.0
	Autocommit mode: undefined/unknown
	Isolation level: undefined/unknown
	Minimum pool size: undefined/unknown
	Maximum pool size: undefined/unknown
2025-11-13T20:18:15.470+08:00  INFO 17344 --- [main] o.h.e.t.j.p.i.JtaPlatformInitiator       : HHH000489: No JTA platform available (set 'hibernate.transaction.jta.platform' to enable JTA platform integration)
2025-11-13T20:18:15.639+08:00  INFO 17344 --- [main] j.LocalContainerEntityManagerFactoryBean : Initialized JPA EntityManagerFactory for persistence unit 'default'
2025-11-13T20:18:16.213+08:00  INFO 17344 --- [main] o.s.d.j.r.query.QueryEnhancerFactory     : Hibernate is in classpath; If applicable, HQL parser will be used.
2025-11-13T20:18:17.834+08:00  WARN 17344 --- [main] JpaBaseConfiguration$JpaWebConfiguration : spring.jpa.open-in-view is enabled by default. Therefore, database queries may be performed during view rendering. Explicitly configure spring.jpa.open-in-view to disable this warning
2025-11-13T20:18:18.943+08:00  INFO 17344 --- [main] o.s.b.w.embedded.tomcat.TomcatWebServer  : Tomcat started on port 8080 (http) with context path '/'
2025-11-13T20:18:18.963+08:00  INFO 17344 --- [main] c.z.o.c.Course.CourseSystemApplication   : Started CourseSystemApplication in 9.552 seconds (process running for 10.372)
2025-11-13T20:18:31.548+08:00  INFO 17344 --- [http-nio-8080-exec-1] o.a.c.c.C.[Tomcat].[localhost].[/]       : Initializing Spring DispatcherServlet 'dispatcherServlet'
2025-11-13T20:18:31.548+08:00  INFO 17344 --- [http-nio-8080-exec-1] o.s.web.servlet.DispatcherServlet        : Initializing Servlet 'dispatcherServlet'
2025-11-13T20:18:31.550+08:00  INFO 17344 --- [http-nio-8080-exec-1] o.s.web.servlet.DispatcherServlet        : Completed initialization in 2 ms
2025-11-13T20:32:48.852+08:00  INFO 17344 --- [SpringApplicationShutdownHook] o.s.b.w.e.tomcat.GracefulShutdown        : Commencing graceful shutdown. Waiting for active requests to complete
2025-11-13T20:32:48.885+08:00  INFO 17344 --- [tomcat-shutdown] o.s.b.w.e.tomcat.GracefulShutdown        : Graceful shutdown complete
2025-11-13T20:32:48.894+08:00  INFO 17344 --- [SpringApplicationShutdownHook] j.LocalContainerEntityManagerFactoryBean : Closing JPA EntityManagerFactory for persistence unit 'default'
2025-11-13T20:32:48.903+08:00  INFO 17344 --- [SpringApplicationShutdownHook] com.zaxxer.hikari.HikariDataSource       : HikariPool-1 - Shutdown initiated...
2025-11-13T20:32:48.908+08:00  INFO 17344 --- [SpringApplicationShutdownHook] com.zaxxer.hikari.HikariDataSource       : HikariPool-1 - Shutdown completed.
